[2024-03-13 22:30:03] Executing bootstrap tasks
[2024-03-13 22:30:03] OpenJDK Runtime Environment 17.0.10+7
[2024-03-13 22:30:03] Product org.eclipse.products.epp.package.java.2024-03
[2024-03-13 22:30:03] Bundle org.eclipse.oomph.setup 1.28.0.v20231119-1528, build=468, branch=a85e87d0e90de82218812f7820eaf93a6a75d7c2
[2024-03-13 22:30:03] Bundle org.eclipse.oomph.setup.core 1.30.0.v20240211-0940, build=468, branch=a85e87d0e90de82218812f7820eaf93a6a75d7c2
[2024-03-13 22:30:03] Bundle org.eclipse.oomph.setup.p2 1.20.0.v20230617-1322, build=468, branch=a85e87d0e90de82218812f7820eaf93a6a75d7c2
[2024-03-13 22:30:03] Performing P2 Director (Eclipse IDE for Java Developers (2024-03) + JRE 17.0.10)
[2024-03-13 22:30:03] Offline = false
[2024-03-13 22:30:03] Mirrors = true
[2024-03-13 22:30:03] Resolving 28 requirements from 4 repositories to C:\Users\Rohith\eclipse\java-2024-032\eclipse
[2024-03-13 22:30:03] Requirement org.eclipse.equinox.p2.iu:org.eclipse.justj.openjdk.hotspot.jre.full.feature.group (filter=(|(&(osgi.arch=aarch64)(osgi.os=linux))(&(osgi.arch=aarch64)(osgi.os=macosx))(&(osgi.arch=ppc64le)(osgi.os=linux))(&(osgi.arch=x86_64)(osgi.os=linux))(&(osgi.arch=x86_64)(osgi.os=macosx))(&(osgi.arch=x86_64)(osgi.os=win32))))
[2024-03-13 22:30:03] Requirement org.eclipse.equinox.p2.iu:epp.package.java [4.31.0,5.0.0) (filter=(|(&(osgi.arch=aarch64)(osgi.os=linux)(osgi.ws=gtk))(&(osgi.arch=aarch64)(osgi.os=macosx)(osgi.ws=cocoa))(&(osgi.arch=x86_64)(osgi.os=linux)(osgi.ws=gtk))(&(osgi.arch=x86_64)(osgi.os=macosx)(osgi.ws=cocoa))(&(osgi.arch=x86_64)(osgi.os=win32)(osgi.ws=win32))))
[2024-03-13 22:30:03] Requirement org.eclipse.equinox.p2.iu:org.eclipse.platform.feature.group [4.31.0,5.0.0)
[2024-03-13 22:30:03] Requirement org.eclipse.equinox.p2.iu:org.eclipse.rcp.feature.group [4.31.0,5.0.0)
[2024-03-13 22:30:03] Requirement org.eclipse.equinox.p2.iu:org.eclipse.buildship.feature.group
[2024-03-13 22:30:03] Requirement org.eclipse.equinox.p2.iu:org.eclipse.eclemma.feature.feature.group
[2024-03-13 22:30:03] Requirement org.eclipse.equinox.p2.iu:org.eclipse.egit.feature.group
[2024-03-13 22:30:03] Requirement org.eclipse.equinox.p2.iu:org.eclipse.epp.mpc.feature.group
[2024-03-13 22:30:03] Requirement org.eclipse.equinox.p2.iu:org.eclipse.jdt.bcoview.feature.feature.group
[2024-03-13 22:30:03] Requirement org.eclipse.equinox.p2.iu:org.eclipse.jdt.feature.group
[2024-03-13 22:30:03] Requirement org.eclipse.equinox.p2.iu:org.eclipse.jgit.feature.group
[2024-03-13 22:30:03] Requirement org.eclipse.equinox.p2.iu:org.eclipse.m2e.feature.feature.group
[2024-03-13 22:30:03] Requirement org.eclipse.equinox.p2.iu:org.eclipse.m2e.lemminx.feature.feature.group
[2024-03-13 22:30:03] Requirement org.eclipse.equinox.p2.iu:org.eclipse.m2e.logback.feature.feature.group
[2024-03-13 22:30:03] Requirement org.eclipse.equinox.p2.iu:org.eclipse.mylyn.commons.activity.feature.feature.group
[2024-03-13 22:30:03] Requirement org.eclipse.equinox.p2.iu:org.eclipse.mylyn.egit.feature.feature.group
[2024-03-13 22:30:03] Requirement org.eclipse.equinox.p2.iu:org.eclipse.mylyn.git.feature.feature.group
[2024-03-13 22:30:03] Requirement org.eclipse.equinox.p2.iu:org.eclipse.mylyn.github.feature.feature.group
[2024-03-13 22:30:03] Requirement org.eclipse.equinox.p2.iu:org.eclipse.mylyn.ide.feature.feature.group
[2024-03-13 22:30:03] Requirement org.eclipse.equinox.p2.iu:org.eclipse.mylyn.jdt.feature.feature.group
[2024-03-13 22:30:03] Requirement org.eclipse.equinox.p2.iu:org.eclipse.mylyn.jenkins.feature.feature.group
[2024-03-13 22:30:03] Requirement org.eclipse.equinox.p2.iu:org.eclipse.mylyn.reviews.feature.feature.group
[2024-03-13 22:30:03] Requirement org.eclipse.equinox.p2.iu:org.eclipse.mylyn.wikitext.feature.feature.group
[2024-03-13 22:30:03] Requirement org.eclipse.equinox.p2.iu:org.eclipse.tips.feature.feature.group
[2024-03-13 22:30:03] Requirement org.eclipse.equinox.p2.iu:org.eclipse.tm.terminal.feature.feature.group
[2024-03-13 22:30:03] Requirement org.eclipse.equinox.p2.iu:org.eclipse.wildwebdeveloper.xml.feature.feature.group
[2024-03-13 22:30:03] Requirement org.eclipse.equinox.p2.iu:org.eclipse.mylyn.wikitext_feature.feature.group (min=0) (max=0) (greedy)
[2024-03-13 22:30:03] Requirement org.eclipse.equinox.p2.iu:org.eclipse.oomph.setup.feature.group
[2024-03-13 22:30:03] Repository https://download.eclipse.org/justj/jres/17/updates/release/latest
[2024-03-13 22:30:03] Repository https://download.eclipse.org/technology/epp/packages/2024-03/202403071200
[2024-03-13 22:30:03] Repository https://download.eclipse.org/releases/2024-03/202403131000
[2024-03-13 22:30:03] Repository https://download.eclipse.org/oomph/updates/milestone/latest
[2024-03-13 22:30:06] Calculating requirements and dependencies.
[2024-03-13 22:30:09] Computing prerequisite plan
[2024-03-13 22:30:12] Collecting 2 artifacts from https://download.eclipse.org/releases/2024-03/202403131000
[2024-03-13 22:30:13] Collected 2 artifacts for https://download.eclipse.org/releases/2024-03/202403131000 in 1.023s
[2024-03-13 22:30:13] Collecting 1 artifacts from https://download.eclipse.org/technology/epp/packages/2024-03/202403071200
[2024-03-13 22:30:13] Collected 1 artifacts for https://download.eclipse.org/technology/epp/packages/2024-03/202403071200 in 0.001s
[2024-03-13 22:30:28] Installing bcpg [1.77.0]
[2024-03-13 22:30:28] Installing bcpkix [1.77.0]
[2024-03-13 22:30:28] Installing bcprov [1.77.0]
[2024-03-13 22:30:28] Installing bcutil [1.77.0]
[2024-03-13 22:30:28] Installing ch.qos.logback.classic [1.5.0]
[2024-03-13 22:30:28] Installing ch.qos.logback.core [1.5.0]
[2024-03-13 22:30:28] Installing com.google.gson [2.10.1.v20230109-0753]
[2024-03-13 22:30:28] Installing com.google.guava [33.0.0.jre]
[2024-03-13 22:30:28] Installing com.google.guava.failureaccess [1.0.2]
[2024-03-13 22:30:28] Installing com.googlecode.javaewah.JavaEWAH [1.2.3]
[2024-03-13 22:30:28] Installing com.ibm.icu [74.2.0]
[2024-03-13 22:30:28] Installing com.jcraft.jsch [0.1.55.v20230916-1400]
[2024-03-13 22:30:28] Installing com.mountainminds.eclemma.core [3.1.8.202312121452]
[2024-03-13 22:30:28] Installing com.sun.el.javax.el [3.0.4]
[2024-03-13 22:30:28] Installing com.sun.jna [5.14.0.v20231211-1200]
[2024-03-13 22:30:28] Installing com.sun.jna.platform [5.14.0]
[2024-03-13 22:30:28] Installing com.sun.xml.bind [2.3.3.v20221203-1659]
[2024-03-13 22:30:28] Installing configure.logback.classic [2.6.0.20240217-1525]
[2024-03-13 22:30:28] Installing epp.package.java [4.31.0.20240307-1200]
[2024-03-13 22:30:28] Installing epp.package.java.executable.win32.win32.x86_64 [4.31.0.20240307-1200]
[2024-03-13 22:30:28] Installing epp.package.java.executable.win32.win32.x86_64.eclipse [4.31.0.20240307-1200]
[2024-03-13 22:30:28] Installing jakarta.annotation-api [2.1.1]
[2024-03-13 22:30:28] Installing jakarta.inject.jakarta.inject-api [1.0.5]
[2024-03-13 22:30:28] Installing jakarta.xml.bind [2.3.3.v20201118-1818]
[2024-03-13 22:30:28] Installing javax.activation [1.2.2.v20221203-1659]
[2024-03-13 22:30:28] Installing javax.xml [1.3.4.v201005080400]
[2024-03-13 22:30:28] Installing jaxen [2.0.0]
[2024-03-13 22:30:28] Installing junit-jupiter-api [5.10.2]
[2024-03-13 22:30:28] Installing junit-jupiter-engine [5.10.2]
[2024-03-13 22:30:28] Installing junit-jupiter-migrationsupport [5.10.2]
[2024-03-13 22:30:28] Installing junit-jupiter-params [5.10.2]
[2024-03-13 22:30:28] Installing junit-platform-commons [1.10.2]
[2024-03-13 22:30:28] Installing junit-platform-engine [1.10.2]
[2024-03-13 22:30:28] Installing junit-platform-launcher [1.10.2]
[2024-03-13 22:30:28] Installing junit-platform-runner [1.10.2]
[2024-03-13 22:30:28] Installing junit-platform-suite-api [1.10.2]
[2024-03-13 22:30:28] Installing junit-platform-suite-commons [1.10.2]
[2024-03-13 22:30:28] Installing junit-platform-suite-engine [1.10.2]
[2024-03-13 22:30:28] Installing junit-vintage-engine [5.10.2]
[2024-03-13 22:30:28] Installing net.i2p.crypto.eddsa [0.3.0]
[2024-03-13 22:30:28] Installing org.apache.ant [1.10.14.v20230922-1200]
[2024-03-13 22:30:28] Installing org.apache.aries.spifly.dynamic.bundle [1.3.7]
[2024-03-13 22:30:28] Installing org.apache.batik.constants [1.17.0.v20231215-1130]
[2024-03-13 22:30:28] Installing org.apache.batik.css [1.17.0.v20231215-1130]
[2024-03-13 22:30:28] Installing org.apache.batik.i18n [1.17.0.v20231215-1130]
[2024-03-13 22:30:28] Installing org.apache.batik.util [1.17.0.v20231215-1130]
[2024-03-13 22:30:28] Installing org.apache.commons.cli [1.6.0]
[2024-03-13 22:30:28] Installing org.apache.commons.commons-codec [1.16.0]
[2024-03-13 22:30:28] Installing org.apache.commons.commons-collections4 [4.4.0]
[2024-03-13 22:30:28] Installing org.apache.commons.commons-compress [1.26.0]
[2024-03-13 22:30:28] Installing org.apache.commons.commons-io [2.15.1]
[2024-03-13 22:30:28] Installing org.apache.commons.httpclient [3.1.0.v201012070820]
[2024-03-13 22:30:28] Installing org.apache.commons.jxpath [1.3.0.v200911051830]
[2024-03-13 22:30:28] Installing org.apache.commons.lang3 [3.14.0]
[2024-03-13 22:30:28] Installing org.apache.commons.logging [1.2.0.v20180409-1502]
[2024-03-13 22:30:28] Installing org.apache.felix.gogo.command [1.1.2]
[2024-03-13 22:30:28] Installing org.apache.felix.gogo.runtime [1.1.6]
[2024-03-13 22:30:28] Installing org.apache.felix.gogo.shell [1.1.4]
[2024-03-13 22:30:28] Installing org.apache.felix.scr [2.2.10]
[2024-03-13 22:30:28] Installing org.apache.httpcomponents.client5.httpclient5 [5.2.1.v20230802-0806]
[2024-03-13 22:30:28] Installing org.apache.httpcomponents.client5.httpclient5-win [5.2.1.v20230802-0847]
[2024-03-13 22:30:28] Installing org.apache.httpcomponents.core5.httpcore5 [5.2.3.v20230922-1600]
[2024-03-13 22:30:28] Installing org.apache.httpcomponents.core5.httpcore5-h2 [5.2.3.v20230922-1600]
[2024-03-13 22:30:29] Installing org.apache.httpcomponents.httpclient [4.5.14]
[2024-03-13 22:30:29] Installing org.apache.httpcomponents.httpcore [4.4.16.v20221207-1049]
[2024-03-13 22:30:29] Installing org.apache.lucene.analysis-common [9.10.0.v20240221-0830]
[2024-03-13 22:30:29] Installing org.apache.lucene.analysis-smartcn [9.10.0.v20240221-0830]
[2024-03-13 22:30:29] Installing org.apache.lucene.backward-codecs [9.10.0.v20240221-0830]
[2024-03-13 22:30:29] Installing org.apache.lucene.core [9.10.0.v20240221-0830]
[2024-03-13 22:30:29] Installing org.apache.lucene.queries [9.10.0.v20240221-0830]
[2024-03-13 22:30:29] Installing org.apache.lucene.queryparser [9.10.0.v20240221-0830]
[2024-03-13 22:30:29] Installing org.apache.lucene.sandbox [9.10.0.v20240221-0830]
[2024-03-13 22:30:29] Installing org.apache.sshd.osgi [2.12.1]
[2024-03-13 22:30:29] Installing org.apache.sshd.sftp [2.12.0]
[2024-03-13 22:30:29] Installing org.apache.ws.commons.util [1.0.2.v20230723-0712]
[2024-03-13 22:30:29] Installing org.apache.xerces [2.12.2.v20230928-1306]
[2024-03-13 22:30:29] Installing org.apache.xml.resolver [1.2.0.v20230928-1222]
[2024-03-13 22:30:29] Installing org.apache.xmlgraphics [2.9.0.v20230916-1600]
[2024-03-13 22:30:29] Installing org.apache.xmlrpc.client [3.1.3.v20160817-1930]
[2024-03-13 22:30:29] Installing org.apache.xmlrpc.common [3.1.3.v20181004-1955]
[2024-03-13 22:30:29] Installing org.apiguardian.api [1.1.2]
[2024-03-13 22:30:29] Installing org.eclipse.ant.core [3.7.300.v20231214-1526]
[2024-03-13 22:30:29] Installing org.eclipse.ant.launching [1.4.300.v20240110-1213]
[2024-03-13 22:30:29] Installing org.eclipse.ant.ui [3.9.300.v20231214-1526]
[2024-03-13 22:30:29] Installing org.eclipse.buildship.branding [3.1.9.v20240115-1636]
[2024-03-13 22:30:29] Installing org.eclipse.buildship.compat [3.1.9.v20240115-1636]
[2024-03-13 22:30:29] Installing org.eclipse.buildship.core [3.1.9.v20240115-1636]
[2024-03-13 22:30:29] Installing org.eclipse.buildship.feature.group [3.1.9.v20240115-1636]
[2024-03-13 22:30:29] Installing org.eclipse.buildship.feature.jar [3.1.9.v20240115-1636]
[2024-03-13 22:30:29] Installing org.eclipse.buildship.ui [3.1.9.v20240115-1636]
[2024-03-13 22:30:29] Installing org.eclipse.cdt.core.native [6.3.300.202402211459]
[2024-03-13 22:30:29] Installing org.eclipse.cdt.core.win32 [6.1.100.202402230238]
[2024-03-13 22:30:29] Installing org.eclipse.cdt.core.win32.x86_64 [11.5.0.202403041627]
[2024-03-13 22:30:29] Installing org.eclipse.compare [3.10.0.v20240208-0728]
[2024-03-13 22:30:29] Installing org.eclipse.compare.core [3.8.400.v20240124-0947]
[2024-03-13 22:30:29] Installing org.eclipse.compare.win32 [1.3.300.v20231214-1526]
[2024-03-13 22:30:29] Installing org.eclipse.core.commands [3.12.0.v20240214-1640]
[2024-03-13 22:30:29] Installing org.eclipse.core.contenttype [3.9.300.v20231218-0909]
[2024-03-13 22:30:29] Installing org.eclipse.core.databinding [1.13.200.v20240104-1240]
[2024-03-13 22:30:29] Installing org.eclipse.core.databinding.beans [1.10.200.v20231214-1513]
[2024-03-13 22:30:29] Installing org.eclipse.core.databinding.observable [1.13.200.v20240104-1240]
[2024-03-13 22:30:29] Installing org.eclipse.core.databinding.property [1.10.200.v20240104-1240]
[2024-03-13 22:30:29] Installing org.eclipse.core.expressions [3.9.300.v20240207-1044]
[2024-03-13 22:30:29] Installing org.eclipse.core.externaltools [1.3.300.v20231214-1012]
[2024-03-13 22:30:29] Installing org.eclipse.core.filebuffers [3.8.300.v20240207-1054]
[2024-03-13 22:30:29] Installing org.eclipse.core.filesystem [1.10.300.v20240124-1325]
[2024-03-13 22:30:29] Installing org.eclipse.core.filesystem.win32.x86_64 [1.4.300.v20220812-1420]
[2024-03-13 22:30:29] Installing org.eclipse.core.jobs [3.15.200.v20231214-1526]
[2024-03-13 22:30:29] Installing org.eclipse.core.net [1.5.300.v20231214-1526]
[2024-03-13 22:30:29] Installing org.eclipse.core.net.win32 [1.1.300.v20231214-1526]
[2024-03-13 22:30:29] Installing org.eclipse.core.net.win32.x86_64 [1.2.200.v20231214-1012]
[2024-03-13 22:30:29] Installing org.eclipse.core.resources [3.20.100.v20240209-1706]
[2024-03-13 22:30:29] Installing org.eclipse.core.resources.win32.x86_64 [3.5.500.v20220812-1420]
[2024-03-13 22:30:29] Installing org.eclipse.core.runtime [3.31.0.v20240215-1631]
[2024-03-13 22:30:29] Installing org.eclipse.core.variables [3.6.300.v20231214-1012]
[2024-03-13 22:30:29] Installing org.eclipse.debug.core [3.21.300.v20240109-1022]
[2024-03-13 22:30:29] Installing org.eclipse.debug.ui [3.18.300.v20240213-1843]
[2024-03-13 22:30:29] Installing org.eclipse.debug.ui.launchview [1.1.400.v20240110-1213]
[2024-03-13 22:30:29] Installing org.eclipse.e4.core.commands [1.1.300.v20240131-1308]
[2024-03-13 22:30:29] Installing org.eclipse.e4.core.contexts [1.12.500.v20231220-1554]
[2024-03-13 22:30:29] Installing org.eclipse.e4.core.di [1.9.300.v20240207-1044]
[2024-03-13 22:30:29] Installing org.eclipse.e4.core.di.annotations [1.8.300.v20231220-1554]
[2024-03-13 22:30:29] Installing org.eclipse.e4.core.di.extensions [0.18.200.v20231220-1554]
[2024-03-13 22:30:29] Installing org.eclipse.e4.core.di.extensions.supplier [0.17.400.v20231214-1012]
[2024-03-13 22:30:29] Installing org.eclipse.e4.core.services [2.4.300.v20240119-0800]
[2024-03-13 22:30:29] Installing org.eclipse.e4.emf.xpath [0.4.200.v20231214-1513]
[2024-03-13 22:30:29] Installing org.eclipse.e4.rcp.feature.group [4.31.0.v20240227-1638]
[2024-03-13 22:30:29] Installing org.eclipse.e4.rcp.feature.jar [4.31.0.v20240227-1638]
[2024-03-13 22:30:29] Installing org.eclipse.e4.ui.bindings [0.14.300.v20231214-1513]
[2024-03-13 22:30:29] Installing org.eclipse.e4.ui.css.core [0.14.300.v20231214-1513]
[2024-03-13 22:30:29] Installing org.eclipse.e4.ui.css.swt [0.15.300.v20240207-1054]
[2024-03-13 22:30:29] Installing org.eclipse.e4.ui.css.swt.theme [0.14.300.v20231214-1513]
[2024-03-13 22:30:29] Installing org.eclipse.e4.ui.di [1.5.300.v20240116-1723]
[2024-03-13 22:30:29] Installing org.eclipse.e4.ui.dialogs [1.4.200.v20231214-1513]
[2024-03-13 22:30:29] Installing org.eclipse.e4.ui.ide [3.17.200.v20231201-1637]
[2024-03-13 22:30:29] Installing org.eclipse.e4.ui.model.workbench [2.4.200.v20240109-1025]
[2024-03-13 22:30:29] Installing org.eclipse.e4.ui.progress [0.4.300.v20240116-1723]
[2024-03-13 22:30:29] Installing org.eclipse.e4.ui.services [1.6.300.v20231201-1637]
[2024-03-13 22:30:29] Installing org.eclipse.e4.ui.swt.win32 [1.2.200.v20231201-1637]
[2024-03-13 22:30:29] Installing org.eclipse.e4.ui.widgets [1.4.100.v20231201-1637]
[2024-03-13 22:30:29] Installing org.eclipse.e4.ui.workbench [1.15.300.v20240124-0948]
[2024-03-13 22:30:29] Installing org.eclipse.e4.ui.workbench.addons.swt [1.5.300.v20240124-0948]
[2024-03-13 22:30:29] Installing org.eclipse.e4.ui.workbench.renderers.swt [0.16.300.v20240223-1002]
[2024-03-13 22:30:29] Installing org.eclipse.e4.ui.workbench.swt [0.17.300.v20240123-1128]
[2024-03-13 22:30:29] Installing org.eclipse.e4.ui.workbench3 [0.17.300.v20231214-1513]
[2024-03-13 22:30:29] Installing org.eclipse.ecf [3.11.0.v20230507-1923]
[2024-03-13 22:30:29] Installing org.eclipse.ecf.core.feature.feature.group [1.6.2.v20231021-2127]
[2024-03-13 22:30:29] Installing org.eclipse.ecf.core.feature.feature.jar [1.6.2.v20231021-2127]
[2024-03-13 22:30:29] Installing org.eclipse.ecf.core.ssl.feature.feature.group [1.1.501.v20230507-1921]
[2024-03-13 22:30:29] Installing org.eclipse.ecf.core.ssl.feature.feature.jar [1.1.501.v20230507-1921]
[2024-03-13 22:30:29] Installing org.eclipse.ecf.discovery [5.2.0.v20231021-2050]
[2024-03-13 22:30:29] Installing org.eclipse.ecf.filetransfer [5.1.103.v20230705-0614]
[2024-03-13 22:30:29] Installing org.eclipse.ecf.filetransfer.feature.feature.group [3.14.1900.v20230715-1945]
[2024-03-13 22:30:29] Installing org.eclipse.ecf.filetransfer.feature.feature.jar [3.14.1900.v20230715-1945]
[2024-03-13 22:30:29] Installing org.eclipse.ecf.filetransfer.httpclient5.feature.feature.group [1.1.702.v20231114-1017]
[2024-03-13 22:30:29] Installing org.eclipse.ecf.filetransfer.httpclient5.feature.feature.jar [1.1.702.v20231114-1017]
[2024-03-13 22:30:29] Installing org.eclipse.ecf.filetransfer.httpclientjava.feature.feature.group [2.0.200.v20231114-1017]
[2024-03-13 22:30:29] Installing org.eclipse.ecf.filetransfer.httpclientjava.feature.feature.jar [2.0.200.v20231114-1017]
[2024-03-13 22:30:29] Installing org.eclipse.ecf.filetransfer.ssl.feature.feature.group [1.1.402.v20231021-2127]
[2024-03-13 22:30:29] Installing org.eclipse.ecf.filetransfer.ssl.feature.feature.jar [1.1.402.v20231021-2127]
[2024-03-13 22:30:29] Installing org.eclipse.ecf.identity [3.10.0.v20230422-0242]
[2024-03-13 22:30:29] Installing org.eclipse.ecf.provider.filetransfer [3.3.0.v20230422-0242]
[2024-03-13 22:30:29] Installing org.eclipse.ecf.provider.filetransfer.httpclient5 [1.1.0.v20230423-0417]
[2024-03-13 22:30:29] Installing org.eclipse.ecf.provider.filetransfer.httpclient5.win32 [1.1.0.v20230423-0417]
[2024-03-13 22:30:29] Installing org.eclipse.ecf.provider.filetransfer.httpclientjava [2.0.200.v20231114-1017]
[2024-03-13 22:30:29] Installing org.eclipse.ecf.provider.filetransfer.ssl [1.1.0.v20230422-0242]
[2024-03-13 22:30:29] Installing org.eclipse.ecf.provider.jmdns [4.4.0.v20231021-2050]
[2024-03-13 22:30:29] Installing org.eclipse.ecf.ssl [1.3.0.v20230507-1921]
[2024-03-13 22:30:29] Installing org.eclipse.eclemma.core [3.1.8.202312121452]
[2024-03-13 22:30:29] Installing org.eclipse.eclemma.doc [3.1.8.202312121452]
[2024-03-13 22:30:29] Installing org.eclipse.eclemma.feature.feature.group [3.1.8.202312121452]
[2024-03-13 22:30:29] Installing org.eclipse.eclemma.feature.feature.jar [3.1.8.202312121452]
[2024-03-13 22:30:29] Installing org.eclipse.eclemma.ui [3.1.8.202312121452]
[2024-03-13 22:30:29] Installing org.eclipse.egit [6.9.0.202403050737-r]
[2024-03-13 22:30:29] Installing org.eclipse.egit.core [6.9.0.202403050737-r]
[2024-03-13 22:30:29] Installing org.eclipse.egit.doc [6.9.0.202403050737-r]
[2024-03-13 22:30:29] Installing org.eclipse.egit.feature.group [6.9.0.202403050737-r]
[2024-03-13 22:30:29] Installing org.eclipse.egit.feature.jar [6.9.0.202403050737-r]
[2024-03-13 22:30:29] Installing org.eclipse.egit.github.core [6.1.0.202203080745-r]
[2024-03-13 22:30:29] Installing org.eclipse.egit.ui [6.9.0.202403050737-r]
[2024-03-13 22:30:29] Installing org.eclipse.emf.common [2.30.0.v20231210-0956]
[2024-03-13 22:30:29] Installing org.eclipse.emf.common.feature.group [2.31.0.v20231210-0956]
[2024-03-13 22:30:29] Installing org.eclipse.emf.common.feature.jar [2.31.0.v20231210-0956]
[2024-03-13 22:30:29] Installing org.eclipse.emf.common.ui [2.22.0.v20231002-1020]
[2024-03-13 22:30:29] Installing org.eclipse.emf.databinding [1.8.0.v20231208-1346]
[2024-03-13 22:30:29] Installing org.eclipse.emf.ecore [2.36.0.v20240203-0859]
[2024-03-13 22:30:29] Installing org.eclipse.emf.ecore.change [2.16.0.v20231208-1346]
[2024-03-13 22:30:29] Installing org.eclipse.emf.ecore.edit [2.14.0.v20230211-1150]
[2024-03-13 22:30:29] Installing org.eclipse.emf.ecore.feature.group [2.37.0.v20240203-0859]
[2024-03-13 22:30:29] Installing org.eclipse.emf.ecore.feature.jar [2.37.0.v20240203-0859]
[2024-03-13 22:30:29] Installing org.eclipse.emf.ecore.xmi [2.37.0.v20231208-1346]
[2024-03-13 22:30:29] Installing org.eclipse.emf.edit [2.21.0.v20231208-1346]
[2024-03-13 22:30:29] Installing org.eclipse.emf.edit.ui [2.23.0.v20230211-1150]
[2024-03-13 22:30:29] Installing org.eclipse.epp.mpc.core [1.10.3.v20240221-1216]
[2024-03-13 22:30:29] Installing org.eclipse.epp.mpc.core.win32 [1.10.3.v20240221-1216]
[2024-03-13 22:30:29] Installing org.eclipse.epp.mpc.feature.group [1.10.3.v20240228-1000]
[2024-03-13 22:30:29] Installing org.eclipse.epp.mpc.feature.jar [1.10.3.v20240228-1000]
[2024-03-13 22:30:29] Installing org.eclipse.epp.mpc.help.ui [1.10.3.v20240221-1216]
[2024-03-13 22:30:29] Installing org.eclipse.epp.mpc.ui [1.10.3.v20240228-1000]
[2024-03-13 22:30:29] Installing org.eclipse.epp.mpc.ui.css [1.10.3.v20240221-1216]
[2024-03-13 22:30:29] Installing org.eclipse.epp.package.common [4.31.0.20240307-1200]
[2024-03-13 22:30:29] Installing org.eclipse.epp.package.common.feature.feature.group [4.31.0.20240307-1200]
[2024-03-13 22:30:29] Installing org.eclipse.epp.package.common.feature.feature.jar [4.31.0.20240307-1200]
[2024-03-13 22:30:29] Installing org.eclipse.epp.package.java [4.31.0.20240307-1200]
[2024-03-13 22:30:29] Installing org.eclipse.epp.package.java.feature.feature.group [4.31.0.20240307-1200]
[2024-03-13 22:30:29] Installing org.eclipse.epp.package.java.feature.feature.jar [4.31.0.20240307-1200]
[2024-03-13 22:30:29] Installing org.eclipse.equinox.app [1.7.0.v20240213-1427]
[2024-03-13 22:30:29] Installing org.eclipse.equinox.bidi [1.5.0.v20240113-0700]
[2024-03-13 22:30:29] Installing org.eclipse.equinox.common [3.19.0.v20240214-0846]
[2024-03-13 22:30:29] Installing org.eclipse.equinox.concurrent [1.3.0.v20240213-1244]
[2024-03-13 22:30:29] Installing org.eclipse.equinox.console [1.4.700.v20240213-1244]
[2024-03-13 22:30:29] Installing org.eclipse.equinox.event [1.7.0.v20240214-0846]
[2024-03-13 22:30:29] Installing org.eclipse.equinox.frameworkadmin [2.3.100.v20240201-0843]
[2024-03-13 22:30:29] Installing org.eclipse.equinox.frameworkadmin.equinox [1.3.100.v20240213-1609]
[2024-03-13 22:30:29] Installing org.eclipse.equinox.http.jetty [3.9.100.v20240213-1244]
[2024-03-13 22:30:29] Installing org.eclipse.equinox.http.registry [1.4.0.v20240213-1244]
[2024-03-13 22:30:29] Installing org.eclipse.equinox.http.service.api [1.2.2.v20231218-2126]
[2024-03-13 22:30:29] Installing org.eclipse.equinox.http.servlet [1.8.100.v20240213-1057]
[2024-03-13 22:30:29] Installing org.eclipse.equinox.jsp.jasper [1.2.0.v20240213-1427]
[2024-03-13 22:30:29] Installing org.eclipse.equinox.jsp.jasper.registry [1.3.0.v20240213-1427]
[2024-03-13 22:30:29] Installing org.eclipse.equinox.launcher [1.6.700.v20240213-1244]
[2024-03-13 22:30:29] Installing org.eclipse.equinox.launcher.win32.win32.x86_64 [1.2.900.v20240213-1244]
[2024-03-13 22:30:29] Installing org.eclipse.equinox.p2.artifact.repository [1.5.300.v20240220-1431]
[2024-03-13 22:30:29] Installing org.eclipse.equinox.p2.console [1.3.300.v20240201-0843]
[2024-03-13 22:30:29] Installing org.eclipse.equinox.p2.core [2.11.0.v20240210-1628]
[2024-03-13 22:30:29] Installing org.eclipse.equinox.p2.core.feature.feature.group [1.7.100.v20240220-1431]
[2024-03-13 22:30:29] Installing org.eclipse.equinox.p2.core.feature.feature.jar [1.7.100.v20240220-1431]
[2024-03-13 22:30:29] Installing org.eclipse.equinox.p2.director [2.6.300.v20240207-1113]
[2024-03-13 22:30:29] Installing org.eclipse.equinox.p2.director.app [1.3.300.v20240212-0924]
[2024-03-13 22:30:29] Installing org.eclipse.equinox.p2.directorywatcher [1.4.300.v20240201-0843]
[2024-03-13 22:30:29] Installing org.eclipse.equinox.p2.discovery [1.3.200.v20240201-0843]
[2024-03-13 22:30:29] Installing org.eclipse.equinox.p2.discovery.compatibility [1.3.200.v20240201-0843]
[2024-03-13 22:30:29] Installing org.eclipse.equinox.p2.discovery.feature.feature.group [1.3.300.v20240201-0843]
[2024-03-13 22:30:29] Installing org.eclipse.equinox.p2.discovery.feature.feature.jar [1.3.300.v20240201-0843]
[2024-03-13 22:30:29] Installing org.eclipse.equinox.p2.engine [2.10.0.v20240210-0918]
[2024-03-13 22:30:29] Installing org.eclipse.equinox.p2.extensionlocation [1.5.300.v20240201-0843]
[2024-03-13 22:30:29] Installing org.eclipse.equinox.p2.extras.feature.feature.group [1.4.2300.v20240229-1022]
[2024-03-13 22:30:29] Installing org.eclipse.equinox.p2.extras.feature.feature.jar [1.4.2300.v20240229-1022]
[2024-03-13 22:30:29] Installing org.eclipse.equinox.p2.garbagecollector [1.3.200.v20240201-0843]
[2024-03-13 22:30:29] Installing org.eclipse.equinox.p2.jarprocessor [1.3.300.v20240201-0843]
[2024-03-13 22:30:29] Installing org.eclipse.equinox.p2.metadata [2.9.0.v20240213-1100]
[2024-03-13 22:30:29] Installing org.eclipse.equinox.p2.metadata.repository [1.5.300.v20240201-0843]
[2024-03-13 22:30:29] Installing org.eclipse.equinox.p2.operations [2.7.300.v20240212-0924]
[2024-03-13 22:30:29] Installing org.eclipse.equinox.p2.publisher [1.9.100.v20240212-1707]
[2024-03-13 22:30:29] Installing org.eclipse.equinox.p2.publisher.eclipse [1.6.0.v20240229-1022]
[2024-03-13 22:30:29] Installing org.eclipse.equinox.p2.rcp.feature.feature.group [1.4.2300.v20240220-1431]
[2024-03-13 22:30:29] Installing org.eclipse.equinox.p2.rcp.feature.feature.jar [1.4.2300.v20240220-1431]
[2024-03-13 22:30:29] Installing org.eclipse.equinox.p2.reconciler.dropins [1.5.300.v20240212-0924]
[2024-03-13 22:30:29] Installing org.eclipse.equinox.p2.repository [2.8.100.v20240207-1113]
[2024-03-13 22:30:29] Installing org.eclipse.equinox.p2.repository.tools [2.4.300.v20240207-1113]
[2024-03-13 22:30:29] Installing org.eclipse.equinox.p2.touchpoint.eclipse [2.4.200.v20240201-0843]
[2024-03-13 22:30:29] Installing org.eclipse.equinox.p2.touchpoint.natives [1.5.200.v20240201-0843]
[2024-03-13 22:30:29] Installing org.eclipse.equinox.p2.transport.ecf [1.4.200.v20240203-1359]
[2024-03-13 22:30:29] Installing org.eclipse.equinox.p2.ui [2.8.300.v20240207-1113]
[2024-03-13 22:30:29] Installing org.eclipse.equinox.p2.ui.discovery [1.3.200.v20240201-0843]
[2024-03-13 22:30:29] Installing org.eclipse.equinox.p2.ui.importexport [1.4.300.v20240201-0843]
[2024-03-13 22:30:29] Installing org.eclipse.equinox.p2.ui.sdk [1.3.300.v20240207-1113]
[2024-03-13 22:30:29] Installing org.eclipse.equinox.p2.ui.sdk.scheduler [1.6.200.v20240212-0924]
[2024-03-13 22:30:29] Installing org.eclipse.equinox.p2.updatechecker [1.4.200.v20240201-0843]
[2024-03-13 22:30:29] Installing org.eclipse.equinox.p2.updatesite [1.3.300.v20240201-0843]
[2024-03-13 22:30:29] Installing org.eclipse.equinox.p2.user.ui.feature.group [2.4.2300.v20240229-1022]
[2024-03-13 22:30:29] Installing org.eclipse.equinox.p2.user.ui.feature.jar [2.4.2300.v20240229-1022]
[2024-03-13 22:30:29] Installing org.eclipse.equinox.preferences [3.11.0.v20240210-0844]
[2024-03-13 22:30:29] Installing org.eclipse.equinox.registry [3.12.0.v20240213-1057]
[2024-03-13 22:30:29] Installing org.eclipse.equinox.security [1.4.200.v20240213-1244]
[2024-03-13 22:30:29] Installing org.eclipse.equinox.security.ui [1.4.200.v20240213-1246]
[2024-03-13 22:30:29] Installing org.eclipse.equinox.security.win32.x86_64 [1.2.200.v20240213-1244]
[2024-03-13 22:30:29] Installing org.eclipse.equinox.simpleconfigurator [1.5.200.v20240209-1053]
[2024-03-13 22:30:29] Installing org.eclipse.equinox.simpleconfigurator.manipulator [2.3.100.v20240201-0843]
[2024-03-13 22:30:29] Installing org.eclipse.help [3.10.300.v20240107-2054]
[2024-03-13 22:30:29] Installing org.eclipse.help.base [4.4.300.v20240229-0520]
[2024-03-13 22:30:29] Installing org.eclipse.help.feature.group [2.3.1700.v20240229-0520]
[2024-03-13 22:30:29] Installing org.eclipse.help.feature.jar [2.3.1700.v20240229-0520]
[2024-03-13 22:30:29] Installing org.eclipse.help.ui [4.6.200.v20240202-1455]
[2024-03-13 22:30:29] Installing org.eclipse.help.webapp [3.11.300.v20240123-0655]
[2024-03-13 22:30:29] Installing org.eclipse.jdt [3.19.400.v20240229-0520]
[2024-03-13 22:30:29] Installing org.eclipse.jdt.annotation [1.2.100.v20240212-1051]
[2024-03-13 22:30:29] Installing org.eclipse.jdt.apt.core [3.8.300.v20231214-1504]
[2024-03-13 22:30:29] Installing org.eclipse.jdt.apt.pluggable.core [1.4.300.v20231214-1504]
[2024-03-13 22:30:29] Installing org.eclipse.jdt.apt.ui [3.8.300.v20231214-1504]
[2024-03-13 22:30:29] Installing org.eclipse.jdt.bcoview [1.2.300.v20240118-1157]
[2024-03-13 22:30:29] Installing org.eclipse.jdt.bcoview.feature.feature.group [1.2.300.v20240118-1157]
[2024-03-13 22:30:29] Installing org.eclipse.jdt.bcoview.feature.feature.jar [1.2.300.v20240118-1157]
[2024-03-13 22:30:29] Installing org.eclipse.jdt.core [3.37.0.v20240215-1452]
[2024-03-13 22:30:29] Installing org.eclipse.jdt.core.compiler.batch [3.37.0.v20240215-1558]
[2024-03-13 22:30:29] Installing org.eclipse.jdt.core.formatterapp [1.2.200.v20231130-1111]
[2024-03-13 22:30:29] Installing org.eclipse.jdt.core.manipulation [1.21.0.v20240221-0406]
[2024-03-13 22:30:29] Installing org.eclipse.jdt.debug [3.21.300.v20240124-0949]
[2024-03-13 22:30:29] Installing org.eclipse.jdt.debug.ui [3.13.300.v20240207-1034]
[2024-03-13 22:30:29] Installing org.eclipse.jdt.doc.user [3.15.2100.v20240228-1609]
[2024-03-13 22:30:29] Installing org.eclipse.jdt.feature.group [3.19.400.v20240229-0520]
[2024-03-13 22:30:29] Installing org.eclipse.jdt.feature.jar [3.19.400.v20240229-0520]
[2024-03-13 22:30:29] Installing org.eclipse.jdt.junit [3.16.300.v20240220-0917]
[2024-03-13 22:30:29] Installing org.eclipse.jdt.junit.core [3.13.100.v20240220-0917]
[2024-03-13 22:30:29] Installing org.eclipse.jdt.junit.runtime [3.7.400.v20231214-1952]
[2024-03-13 22:30:29] Installing org.eclipse.jdt.junit4.runtime [1.3.100.v20231214-1952]
[2024-03-13 22:30:29] Installing org.eclipse.jdt.junit5.runtime [1.1.300.v20231214-1952]
[2024-03-13 22:30:29] Installing org.eclipse.jdt.launching [3.21.100.v20240214-1729]
[2024-03-13 22:30:29] Installing org.eclipse.jdt.ui [3.32.0.v20240215-0312]
[2024-03-13 22:30:29] Installing org.eclipse.jetty.ee8.security [12.0.6]
[2024-03-13 22:30:29] An error was detected while performing the engine operation and the changes are being rolled back. See the log for details.
[2024-03-13 22:30:29] java.lang.IllegalStateException: Attempt to access stopped agent: org.eclipse.equinox.internal.p2.core.ProvisioningAgent@5820162d
  at org.eclipse.equinox.internal.p2.core.ProvisioningAgent.checkRunning(ProvisioningAgent.java:87)
  at org.eclipse.equinox.internal.p2.core.ProvisioningAgent.getService(ProvisioningAgent.java:51)
  at org.eclipse.equinox.internal.p2.engine.SimpleProfileRegistry.ignoreExistingProfile(SimpleProfileRegistry.java:313)
  at org.eclipse.equinox.internal.p2.engine.SimpleProfileRegistry.internalGetProfile(SimpleProfileRegistry.java:266)
  at org.eclipse.equinox.internal.p2.engine.SimpleProfileRegistry.getProfile(SimpleProfileRegistry.java:192)
  at org.eclipse.oomph.p2.internal.core.AgentImpl.getCurrentProfile(AgentImpl.java:411)
  at org.eclipse.oomph.setup.p2.impl.P2TaskImpl.perform(P2TaskImpl.java:941)
  at org.eclipse.oomph.setup.internal.core.SetupTaskPerformer.doPerformNeededSetupTasks(SetupTaskPerformer.java:3864)
  at org.eclipse.oomph.setup.internal.core.SetupTaskPerformer.performNeededSetupTasks(SetupTaskPerformer.java:3792)
  at org.eclipse.oomph.setup.internal.core.SetupTaskPerformer.performTriggeredSetupTasks(SetupTaskPerformer.java:3773)
  at org.eclipse.oomph.setup.internal.core.SetupTaskPerformer.perform(SetupTaskPerformer.java:3651)
  at org.eclipse.oomph.setup.internal.installer.SimpleVariablePage.installPerform(SimpleVariablePage.java:1353)
  at org.eclipse.oomph.setup.internal.installer.SimpleVariablePage$20.run(SimpleVariablePage.java:1165)

[2024-03-13 22:30:29] 
